<?xml version="1.0" encoding="UTF-8"?>
<testng-results ignored="0" total="1" passed="1" failed="0" skipped="0">
  <reporter-output>
  </reporter-output>
  <suite started-at="2025-09-11T11:52:26 IST" name="Default suite" finished-at="2025-09-11T11:52:38 IST" duration-ms="11333">
    <groups>
    </groups>
    <test started-at="2025-09-11T11:52:26 IST" name="Default test" finished-at="2025-09-11T11:52:38 IST" duration-ms="11333">
      <class name="com.automationexercise.tests.TestCase5">
        <test-method is-config="true" signature="setup()[pri:0, instance:com.automationexercise.tests.TestCase5@65e98b1c]" started-at="2025-09-11T11:52:26 IST" name="setup" finished-at="2025-09-11T11:52:28 IST" duration-ms="1415" status="PASS">
          <reporter-output>
          </reporter-output>
        </test-method> <!-- setup -->
        <test-method signature="testSignupWithExistingEmail()[pri:0, instance:com.automationexercise.tests.TestCase5@65e98b1c]" started-at="2025-09-11T11:52:28 IST" name="testSignupWithExistingEmail" finished-at="2025-09-11T11:52:38 IST" duration-ms="9718" status="PASS">
          <reporter-output>
          </reporter-output>
        </test-method> <!-- testSignupWithExistingEmail -->
        <test-method is-config="true" signature="tearDown()[pri:0, instance:com.automationexercise.tests.TestCase5@65e98b1c]" started-at="2025-09-11T11:52:38 IST" name="tearDown" finished-at="2025-09-11T11:52:38 IST" duration-ms="175" status="PASS">
          <reporter-output>
          </reporter-output>
        </test-method> <!-- tearDown -->
      </class> <!-- com.automationexercise.tests.TestCase5 -->
    </test> <!-- Default test -->
  </suite> <!-- Default suite -->
</testng-results>
